2024-04-01 02:09:06,442 [INFO] Activator:176 - 


2024-04-01 02:09:06,442 [INFO] Activator:177 - !SESSION log4j initialized
2024-04-01 02:09:12,666 [INFO] LogOutputStream:77 - [STDOUT_REDIRECT] 
2024-04-01 02:09:13,807 [INFO] ApplicationProperties:184 - Using Application install path: C:\ST\STM32CubeIDE_1.14.1\STM32CubeIDE\plugins\com.st.stm32cube.common.mx_6.10.0.202311202037
2024-04-01 02:09:13,837 [INFO] DbMcusXml:78 - Set database path to: C:\ST\STM32CubeIDE_1.14.1\STM32CubeIDE\plugins\com.st.stm32cube.common.mx_6.10.0.202311202037\\db\/mcu/
2024-04-01 02:09:13,838 [INFO] ApiDb:274 - Set plugin database path to: C:\ST\STM32CubeIDE_1.14.1\STM32CubeIDE\plugins\com.st.stm32cube.common.mx_6.10.0.202311202037\\db\/plugins/boardmanager/
2024-04-01 02:09:13,839 [WARN] ApiDb:259 - Overriding images path with different value:  => C:\ST\STM32CubeIDE_1.14.1\STM32CubeIDE\plugins\com.st.stm32cube.common.mx_6.10.0.202311202037\\db\/plugins/mcufinder/images/
2024-04-01 02:09:13,848 [INFO] ApiDb:250 - Set database path to: C:\Users\AD\.stmcufinder\plugins\mcufinder//mcu/
2024-04-01 02:09:13,850 [INFO] DbMcusAds:125 - Set database path to: C:\Users\AD\.stmcufinder\plugins\mcufinder//mcu/
2024-04-01 02:09:13,853 [INFO] CrossReferenceDbSqlite:203 - Set database path to: C:\Users\AD\.stmcufinder\plugins\mcufinder//mcu/cs/
2024-04-01 02:09:14,010 [INFO] RulesReader:64 - Compatibility file has been processed (297 Rules)
2024-04-01 02:09:14,127 [INFO] DbMcusXml:78 - Set database path to: C:\ST\STM32CubeIDE_1.14.1\STM32CubeIDE\plugins\com.st.stm32cube.common.mx_6.10.0.202311202037\\db\/mcu/
2024-04-01 02:09:14,127 [INFO] ApiDb:274 - Set plugin database path to: C:\ST\STM32CubeIDE_1.14.1\STM32CubeIDE\plugins\com.st.stm32cube.common.mx_6.10.0.202311202037\\db\/plugins/boardmanager/
2024-04-01 02:09:14,127 [INFO] ApiDb:261 - Set plugin images path to: C:\ST\STM32CubeIDE_1.14.1\STM32CubeIDE\plugins\com.st.stm32cube.common.mx_6.10.0.202311202037\\db\/plugins/mcufinder/images/
2024-04-01 02:09:14,128 [WARN] DbFile:41 - Overriding database path with different value: C:\Users\AD\.stmcufinder\plugins\mcufinder/ => C:\Users\AD\.stmcufinder\plugins\mcufinder
2024-04-01 02:09:14,128 [INFO] ApiDb:250 - Set database path to: C:\Users\AD\.stmcufinder\plugins\mcufinder//mcu/
2024-04-01 02:09:14,129 [WARN] DbFile:41 - Overriding database path with different value: C:\Users\AD\.stmcufinder\plugins\mcufinder/ => C:\Users\AD\.stmcufinder\plugins\mcufinder
2024-04-01 02:09:14,129 [INFO] DbMcusAds:125 - Set database path to: C:\Users\AD\.stmcufinder\plugins\mcufinder//mcu/
2024-04-01 02:09:14,129 [WARN] DbFile:41 - Overriding database path with different value: C:\Users\AD\.stmcufinder\plugins\mcufinder/ => C:\Users\AD\.stmcufinder\plugins\mcufinder
2024-04-01 02:09:14,129 [WARN] DbFile:41 - Overriding database path with different value: C:\Users\AD\.stmcufinder\plugins\mcufinder/ => C:\Users\AD\.stmcufinder\plugins\mcufinder
2024-04-01 02:09:14,129 [INFO] CrossReferenceDbSqlite:203 - Set database path to: C:\Users\AD\.stmcufinder\plugins\mcufinder//mcu/cs/
2024-04-01 02:09:14,238 [INFO] MainPanel:264 - HeapMemory: 268435456
2024-04-01 02:09:14,341 [INFO] DbMcusXml:78 - Set database path to: C:\ST\STM32CubeIDE_1.14.1\STM32CubeIDE\plugins\com.st.stm32cube.common.mx_6.10.0.202311202037\\db\/mcu/
2024-04-01 02:09:14,342 [INFO] ApiDb:274 - Set plugin database path to: C:\ST\STM32CubeIDE_1.14.1\STM32CubeIDE\plugins\com.st.stm32cube.common.mx_6.10.0.202311202037\\db\/plugins/boardmanager/
2024-04-01 02:09:14,342 [INFO] ApiDb:261 - Set plugin images path to: C:\ST\STM32CubeIDE_1.14.1\STM32CubeIDE\plugins\com.st.stm32cube.common.mx_6.10.0.202311202037\\db\/plugins/mcufinder/images/
2024-04-01 02:09:14,342 [WARN] DbFile:41 - Overriding database path with different value: C:\Users\AD\.stmcufinder\plugins\mcufinder/ => C:\Users\AD\.stmcufinder\plugins\mcufinder
2024-04-01 02:09:14,342 [INFO] ApiDb:250 - Set database path to: C:\Users\AD\.stmcufinder\plugins\mcufinder//mcu/
2024-04-01 02:09:14,343 [WARN] DbFile:41 - Overriding database path with different value: C:\Users\AD\.stmcufinder\plugins\mcufinder/ => C:\Users\AD\.stmcufinder\plugins\mcufinder
2024-04-01 02:09:14,343 [INFO] DbMcusAds:125 - Set database path to: C:\Users\AD\.stmcufinder\plugins\mcufinder//mcu/
2024-04-01 02:09:14,343 [WARN] DbFile:41 - Overriding database path with different value: C:\Users\AD\.stmcufinder\plugins\mcufinder/ => C:\Users\AD\.stmcufinder\plugins\mcufinder
2024-04-01 02:09:14,343 [WARN] DbFile:41 - Overriding database path with different value: C:\Users\AD\.stmcufinder\plugins\mcufinder/ => C:\Users\AD\.stmcufinder\plugins\mcufinder
2024-04-01 02:09:14,343 [INFO] CrossReferenceDbSqlite:203 - Set database path to: C:\Users\AD\.stmcufinder\plugins\mcufinder//mcu/cs/
2024-04-01 02:09:14,368 [INFO] ApplicationProperties:184 - Using Application install path: C:\ST\STM32CubeIDE_1.14.1\STM32CubeIDE\plugins\com.st.stm32cube.common.mx_6.10.0.202311202037
2024-04-01 02:09:14,370 [INFO] PluginManage:196 - Search for loadable plugins [exclusion list=, ]
2024-04-01 02:09:14,371 [INFO] PluginManage:310 - Check plugin analytics
2024-04-01 02:09:14,594 [INFO] AnalyticsPlugin:253 - Accepted Software Licenses: 
2024-04-01 02:09:14,594 [INFO] AnalyticsPlugin:255 - Accepted CMSIS Pack Licenses: 
2024-04-01 02:09:14,594 [INFO] AnalyticsPlugin:257 - Accepted Firmware Licenses: 
2024-04-01 02:09:14,600 [INFO] PluginManage:359 - Loaded plugin analytics (category:tool,tabindex:-1)
2024-04-01 02:09:14,601 [INFO] PluginManage:310 - Check plugin cadmodel
2024-04-01 02:09:14,611 [INFO] CADModel:105 - Init CAD model plugin
2024-04-01 02:09:14,611 [INFO] PluginManage:359 - Loaded plugin cadmodel (category:power,tabindex:5)
2024-04-01 02:09:14,612 [INFO] PluginManage:310 - Check plugin clock
2024-04-01 02:09:14,629 [INFO] PluginManage:359 - Loaded plugin clock (category:base,tabindex:2)
2024-04-01 02:09:14,630 [INFO] PluginManage:310 - Check plugin ddr
2024-04-01 02:09:14,637 [INFO] PluginManage:359 - Loaded plugin ddr (category:tool,tabindex:6)
2024-04-01 02:09:14,637 [INFO] PluginManage:310 - Check plugin filemanager
2024-04-01 02:09:14,842 [INFO] PluginManage:359 - Loaded plugin filemanager (category:base,tabindex:10)
2024-04-01 02:09:14,842 [INFO] PluginManage:310 - Check plugin ipmanager
2024-04-01 02:09:14,853 [INFO] PluginManage:359 - Loaded plugin ipmanager (category:base,tabindex:5)
2024-04-01 02:09:14,854 [INFO] PluginManage:310 - Check plugin lpbam
2024-04-01 02:09:14,866 [INFO] PluginManage:359 - Loaded plugin lpbam (category:base,tabindex:0)
2024-04-01 02:09:14,866 [INFO] PluginManage:310 - Check plugin memorymap
2024-04-01 02:09:14,880 [INFO] PluginManage:359 - Loaded plugin memorymap (category:base,tabindex:4)
2024-04-01 02:09:14,880 [INFO] PluginManage:310 - Check plugin pinoutandconfiguration
2024-04-01 02:09:14,888 [INFO] PluginManage:359 - Loaded plugin pinoutandconfiguration (category:base,tabindex:1)
2024-04-01 02:09:14,889 [INFO] PluginManage:310 - Check plugin pinoutconfig
2024-04-01 02:09:15,004 [WARN] SupportedApi:132 - Cannot load RTOS API schema: s4s-elt-must-match.1: The content of 'definitions' must match (annotation?, (simpleType | complexType)?, (unique | key | keyref)*)). A problem was found starting at: attribute.
2024-04-01 02:09:15,197 [INFO] PluginManage:359 - Loaded plugin pinoutconfig (category:base,tabindex:0)
2024-04-01 02:09:15,197 [INFO] PluginManage:310 - Check plugin power
2024-04-01 02:09:15,213 [INFO] PluginManage:359 - Loaded plugin power (category:power,tabindex:4)
2024-04-01 02:09:15,213 [INFO] PluginManage:310 - Check plugin projectmanager
2024-04-01 02:09:15,243 [INFO] PluginManage:359 - Loaded plugin projectmanager (category:projectmanager,tabindex:3)
2024-04-01 02:09:15,243 [INFO] PluginManage:310 - Check plugin thirdparty
2024-04-01 02:09:15,453 [INFO] PluginManage:359 - Loaded plugin thirdparty (category:base,tabindex:-1)
2024-04-01 02:09:15,452 [WARN] IntegrityCheckThread:84 - waiting for thirdparty lock release [integrity check]
2024-04-01 02:09:15,453 [INFO] PluginManage:310 - Check plugin tools
2024-04-01 02:09:15,453 [INFO] IntegrityCheckThread:86 - entering critical section [integrity check]
2024-04-01 02:09:15,455 [INFO] ThirdPartyUpdaterWithRetryManager:70 - Updater plugin not ready yet. [1/15]
2024-04-01 02:09:15,458 [INFO] PluginManage:359 - Loaded plugin tools (category:base,tabindex:7)
2024-04-01 02:09:15,459 [INFO] PluginManage:310 - Check plugin tutovideos
2024-04-01 02:09:15,731 [INFO] PluginManage:359 - Loaded plugin tutovideos (category:base,tabindex:-1)
2024-04-01 02:09:15,731 [INFO] PluginManage:310 - Check plugin updater
2024-04-01 02:09:15,758 [INFO] PluginManage:359 - Loaded plugin updater (category:base,tabindex:12)
2024-04-01 02:09:15,758 [INFO] PluginManage:310 - Check plugin userauth
2024-04-01 02:09:15,767 [INFO] UserAuth:114 - Init User Auth plugin
2024-04-01 02:09:15,768 [INFO] PluginManage:359 - Loaded plugin userauth (category:base,tabindex:14)
2024-04-01 02:09:15,769 [INFO] PluginManage:283 - PluginManage : Loaded plugins [17]
2024-04-01 02:09:16,110 [INFO] PinOutPanel:1499 - setPackage(No Configuration,No Configuration)
2024-04-01 02:09:16,220 [INFO] CADModel:165 - CPN selected for project level
2024-04-01 02:09:16,221 [INFO] CADModel:114 - Register for checkConnection events
2024-04-01 02:09:16,240 [INFO] IPUIPlugin:80 - create IPUIPlugin
2024-04-01 02:09:16,241 [INFO] PluginManager:220 - loadIPPluginJar : add adc
2024-04-01 02:09:16,243 [INFO] IPUIPlugin:80 - create IPUIPlugin
2024-04-01 02:09:16,244 [INFO] PluginManager:220 - loadIPPluginJar : add aes
2024-04-01 02:09:16,247 [INFO] IPUIPlugin:80 - create IPUIPlugin
2024-04-01 02:09:16,247 [INFO] PluginManager:220 - loadIPPluginJar : add can
2024-04-01 02:09:16,249 [INFO] IPUIPlugin:80 - create IPUIPlugin
2024-04-01 02:09:16,249 [INFO] PluginManager:220 - loadIPPluginJar : add comp
2024-04-01 02:09:16,252 [INFO] IPUIPlugin:80 - create IPUIPlugin
2024-04-01 02:09:16,252 [INFO] PluginManager:220 - loadIPPluginJar : add cryp
2024-04-01 02:09:16,255 [INFO] IPUIPlugin:80 - create IPUIPlugin
2024-04-01 02:09:16,256 [INFO] PluginManager:220 - loadIPPluginJar : add dfsdm
2024-04-01 02:09:16,263 [INFO] IPUIPlugin:80 - create IPUIPlugin
2024-04-01 02:09:16,265 [INFO] PluginManager:220 - loadIPPluginJar : add dma
2024-04-01 02:09:16,269 [INFO] IPUIPlugin:80 - create IPUIPlugin
2024-04-01 02:09:16,269 [INFO] PluginManager:220 - loadIPPluginJar : add dma3
2024-04-01 02:09:16,271 [INFO] IPUIPlugin:80 - create IPUIPlugin
2024-04-01 02:09:16,271 [INFO] PluginManager:220 - loadIPPluginJar : add fatfs
2024-04-01 02:09:16,277 [INFO] IPUIPlugin:80 - create IPUIPlugin
2024-04-01 02:09:16,277 [INFO] PluginManager:220 - loadIPPluginJar : add fmc
2024-04-01 02:09:16,283 [INFO] IPUIPlugin:80 - create IPUIPlugin
2024-04-01 02:09:16,284 [INFO] PluginManager:220 - loadIPPluginJar : add freertos
2024-04-01 02:09:16,287 [INFO] IPUIPlugin:80 - create IPUIPlugin
2024-04-01 02:09:16,288 [INFO] PluginManager:220 - loadIPPluginJar : add genericplugin
2024-04-01 02:09:16,290 [INFO] IPUIPlugin:80 - create IPUIPlugin
2024-04-01 02:09:16,290 [INFO] PluginManager:220 - loadIPPluginJar : add gfxmmu
2024-04-01 02:09:16,296 [INFO] IPUIPlugin:80 - create IPUIPlugin
2024-04-01 02:09:16,296 [INFO] PluginManager:220 - loadIPPluginJar : add gic
2024-04-01 02:09:16,300 [INFO] IPUIPlugin:80 - create IPUIPlugin
2024-04-01 02:09:16,300 [INFO] PluginManager:220 - loadIPPluginJar : add gpio
2024-04-01 02:09:16,304 [INFO] IPUIPlugin:80 - create IPUIPlugin
2024-04-01 02:09:16,304 [INFO] PluginManager:220 - loadIPPluginJar : add gtzc
2024-04-01 02:09:16,307 [INFO] IPUIPlugin:80 - create IPUIPlugin
2024-04-01 02:09:16,307 [INFO] PluginManager:220 - loadIPPluginJar : add hash
2024-04-01 02:09:16,310 [INFO] IPUIPlugin:80 - create IPUIPlugin
2024-04-01 02:09:16,310 [INFO] PluginManager:220 - loadIPPluginJar : add i2c
2024-04-01 02:09:16,315 [INFO] IPUIPlugin:80 - create IPUIPlugin
2024-04-01 02:09:16,315 [INFO] PluginManager:220 - loadIPPluginJar : add i2s
2024-04-01 02:09:16,319 [INFO] IPUIPlugin:80 - create IPUIPlugin
2024-04-01 02:09:16,319 [INFO] PluginManager:220 - loadIPPluginJar : add i3c
2024-04-01 02:09:16,323 [INFO] IPUIPlugin:80 - create IPUIPlugin
2024-04-01 02:09:16,324 [INFO] PluginManager:220 - loadIPPluginJar : add ipddr
2024-04-01 02:09:16,333 [INFO] IPUIPlugin:80 - create IPUIPlugin
2024-04-01 02:09:16,333 [INFO] PluginManager:220 - loadIPPluginJar : add linkedlist
2024-04-01 02:09:16,337 [INFO] IPUIPlugin:80 - create IPUIPlugin
2024-04-01 02:09:16,337 [INFO] PluginManager:220 - loadIPPluginJar : add lorawan
2024-04-01 02:09:16,339 [INFO] IPUIPlugin:80 - create IPUIPlugin
2024-04-01 02:09:16,339 [INFO] PluginManager:220 - loadIPPluginJar : add ltdc
2024-04-01 02:09:16,347 [INFO] IPUIPlugin:80 - create IPUIPlugin
2024-04-01 02:09:16,347 [INFO] PluginManager:220 - loadIPPluginJar : add mdma
2024-04-01 02:09:16,351 [INFO] IPUIPlugin:80 - create IPUIPlugin
2024-04-01 02:09:16,351 [INFO] PluginManager:220 - loadIPPluginJar : add nvic
2024-04-01 02:09:16,354 [INFO] IPUIPlugin:80 - create IPUIPlugin
2024-04-01 02:09:16,355 [INFO] PluginManager:220 - loadIPPluginJar : add opamp
2024-04-01 02:09:16,357 [INFO] IPUIPlugin:80 - create IPUIPlugin
2024-04-01 02:09:16,357 [INFO] PluginManager:220 - loadIPPluginJar : add openamp
2024-04-01 02:09:16,361 [INFO] IPUIPlugin:80 - create IPUIPlugin
2024-04-01 02:09:16,361 [INFO] PluginManager:220 - loadIPPluginJar : add pdm2pcm
2024-04-01 02:09:16,371 [INFO] IPUIPlugin:80 - create IPUIPlugin
2024-04-01 02:09:16,375 [INFO] PluginManager:220 - loadIPPluginJar : add plateformsettings
2024-04-01 02:09:16,377 [INFO] IPUIPlugin:80 - create IPUIPlugin
2024-04-01 02:09:16,377 [INFO] PluginManager:220 - loadIPPluginJar : add quadspi
2024-04-01 02:09:16,381 [INFO] IPUIPlugin:80 - create IPUIPlugin
2024-04-01 02:09:16,381 [INFO] PluginManager:220 - loadIPPluginJar : add resmgrutility
2024-04-01 02:09:16,385 [INFO] IPUIPlugin:80 - create IPUIPlugin
2024-04-01 02:09:16,385 [INFO] PluginManager:220 - loadIPPluginJar : add sai
2024-04-01 02:09:16,389 [INFO] IPUIPlugin:80 - create IPUIPlugin
2024-04-01 02:09:16,389 [INFO] PluginManager:220 - loadIPPluginJar : add spi
2024-04-01 02:09:16,395 [INFO] IPUIPlugin:80 - create IPUIPlugin
2024-04-01 02:09:16,395 [INFO] PluginManager:220 - loadIPPluginJar : add stm32_wpan
2024-04-01 02:09:16,397 [INFO] IPUIPlugin:80 - create IPUIPlugin
2024-04-01 02:09:16,398 [INFO] PluginManager:220 - loadIPPluginJar : add tim
2024-04-01 02:09:16,401 [INFO] IPUIPlugin:80 - create IPUIPlugin
2024-04-01 02:09:16,401 [INFO] PluginManager:220 - loadIPPluginJar : add touchsensing
2024-04-01 02:09:16,404 [INFO] IPUIPlugin:80 - create IPUIPlugin
2024-04-01 02:09:16,404 [INFO] PluginManager:220 - loadIPPluginJar : add tracer_emb
2024-04-01 02:09:16,407 [INFO] IPUIPlugin:80 - create IPUIPlugin
2024-04-01 02:09:16,407 [INFO] PluginManager:220 - loadIPPluginJar : add ts
2024-04-01 02:09:16,408 [INFO] IPUIPlugin:80 - create IPUIPlugin
2024-04-01 02:09:16,408 [INFO] PluginManager:220 - loadIPPluginJar : add tsc
2024-04-01 02:09:16,410 [INFO] IPUIPlugin:80 - create IPUIPlugin
2024-04-01 02:09:16,410 [INFO] PluginManager:220 - loadIPPluginJar : add ucpd
2024-04-01 02:09:16,413 [INFO] IPUIPlugin:80 - create IPUIPlugin
2024-04-01 02:09:16,413 [INFO] PluginManager:220 - loadIPPluginJar : add usart
2024-04-01 02:09:16,417 [INFO] IPUIPlugin:80 - create IPUIPlugin
2024-04-01 02:09:16,417 [INFO] PluginManager:220 - loadIPPluginJar : add usbx
2024-04-01 02:09:16,560 [INFO] CADModel:165 - CPN selected for project level
2024-04-01 02:09:16,560 [INFO] CADModel:114 - Register for checkConnection events
2024-04-01 02:09:16,560 [FATAL] Updater:308 - Updater called before beeing initialized
2024-04-01 02:09:16,561 [ERROR] CADModel:125 - Updater not yet initialized, retry later 
2024-04-01 02:09:16,723 [INFO] CADModel:165 - CPN selected for project level
2024-04-01 02:09:16,723 [INFO] CADModel:114 - Register for checkConnection events
2024-04-01 02:09:16,723 [FATAL] Updater:308 - Updater called before beeing initialized
2024-04-01 02:09:16,723 [ERROR] CADModel:125 - Updater not yet initialized, retry later 
2024-04-01 02:09:16,727 [FATAL] Updater:308 - Updater called before beeing initialized
2024-04-01 02:09:16,893 [FATAL] Updater:308 - Updater called before beeing initialized
2024-04-01 02:09:16,898 [INFO] DbMcusAds:53 - JSON generation date=Wed Nov 29 17:52:27 ICT 2023 (1701255147349)
2024-04-01 02:09:16,898 [FATAL] Updater:308 - Updater called before beeing initialized
2024-04-01 02:09:16,940 [WARN] DetailPanel:346 - Failed to get advertising image, set to default
2024-04-01 02:09:17,058 [FATAL] Updater:308 - Updater called before beeing initialized
2024-04-01 02:09:17,060 [FATAL] Updater:308 - Updater called before beeing initialized
2024-04-01 02:09:17,061 [FATAL] Updater:308 - Updater called before beeing initialized
2024-04-01 02:09:17,061 [WARN] DetailPanel:346 - Failed to get advertising image, set to default
2024-04-01 02:09:17,061 [FATAL] Updater:308 - Updater called before beeing initialized
2024-04-01 02:09:17,120 [ERROR] Updater:1120 - MainUpdater not yet initialized. External WinMGr cannot be set.
2024-04-01 02:09:17,122 [INFO] Updater:1056 - Updater Version found : 6.10.0
2024-04-01 02:09:17,144 [INFO] ApplicationProperties:184 - Using Application install path: C:\ST\STM32CubeIDE_1.14.1\STM32CubeIDE\plugins\com.st.stm32cube.common.mx_6.10.0.202311202037
2024-04-01 02:09:18,455 [INFO] ThirdPartyUpdaterWithRetryManager:70 - Updater plugin not ready yet. [2/15]
2024-04-01 02:09:18,731 [ERROR] LogOutputStream:75 - [STDERR_REDIRECT] Apr 01, 2024 2:09:18 AM java.util.prefs.WindowsPreferences <init>
2024-04-01 02:09:18,732 [ERROR] LogOutputStream:75 - [STDERR_REDIRECT] WARNING: Could not open/create prefs root node Software\JavaSoft\Prefs at root 0xffffffff80000002. Windows RegCreateKeyEx(...) returned error code 5.
2024-04-01 02:09:18,732 [ERROR] LogOutputStream:75 - [STDERR_REDIRECT] 
2024-04-01 02:09:18,991 [INFO] MainUpdater:2873 - connection check result : 10
2024-04-01 02:09:18,992 [INFO] MainUpdater:290 - Updater Check For Update Now.
2024-04-01 02:09:18,992 [INFO] MicroXplorer:498 - Change Database Version : DB.6.0.100
2024-04-01 02:09:19,002 [INFO] McuFinderGlobals:63 - Set McuFinder mode to 2 (CubeIDE integrated)
2024-04-01 02:09:19,187 [INFO] CheckServerUpdateThread:120 - End of CheckServer Thread
2024-04-01 02:09:19,501 [INFO] UserAuth:404 - Internet connection configuration mode: 1
2024-04-01 02:09:19,512 [INFO] JxBrowserEngine:152 - Initiate JxBrowser Engine with user profile folder
2024-04-01 02:09:20,098 [INFO] WebApp:161 - Instantiating new browser for Auth
2024-04-01 02:09:20,980 [INFO] WebApp:780 - Register for checkConnection events
2024-04-01 02:09:20,980 [INFO] WebApp:414 - Apply proxy settings
2024-04-01 02:09:20,981 [INFO] WebApp:499 - Chromium requires no authentication
2024-04-01 02:09:20,992 [INFO] WebApp:442 - Direct internet connection detected
2024-04-01 02:09:21,196 [INFO] WebApp:192 - Starting web application
2024-04-01 02:09:21,196 [INFO] WebApp:544 - Web application path used C:\ST\STM32CubeIDE_1.14.1\STM32CubeIDE\plugins\com.st.stm32cube.common.mx_6.10.0.202311202037\db\plugins\mcufinder\reactClient1\index.html
2024-04-01 02:09:21,740 [WARN] PackLoader:240 - Cannot read IP mode file for STMicroelectronics.X-CUBE-SMBUS.2.1.0
2024-04-01 02:09:21,759 [WARN] PackLoader:240 - Cannot read IP mode file for STMicroelectronics.X-CUBE-TOUCHGFX.4.23.1
2024-04-01 02:09:21,764 [WARN] PackLoader:240 - Cannot read IP mode file for STMicroelectronics.X-CUBE-TOUCHGFX.4.23.0
2024-04-01 02:09:21,935 [WARN] PackLoader:240 - Cannot read IP mode file for STMicroelectronics.X-CUBE-AZRTOS-F7.1.1.0
2024-04-01 02:09:21,958 [WARN] PackLoader:240 - Cannot read IP mode file for STMicroelectronics.FP-SNS-MOTENV1.4.3.2
2024-04-01 02:09:21,970 [WARN] PackLoader:240 - Cannot read IP mode file for STMicroelectronics.FP-SNS-FLIGHT1.5.0.2
2024-04-01 02:09:21,992 [WARN] PackLoader:240 - Cannot read IP mode file for STMicroelectronics.X-CUBE-DISPLAY.3.0.0
2024-04-01 02:09:22,064 [WARN] PackLoader:240 - Cannot read IP mode file for STMicroelectronics.X-CUBE-BLE1.7.0.0
2024-04-01 02:09:22,109 [WARN] PackLoader:240 - Cannot read IP mode file for emotas.I-CUBE-CANOPEN.1.3.0
2024-04-01 02:09:22,127 [WARN] PackLoader:240 - Cannot read IP mode file for STMicroelectronics.X-CUBE-BLEMGR.3.1.0
2024-04-01 02:09:22,137 [WARN] PackLoader:240 - Cannot read IP mode file for STMicroelectronics.FP-SNS-SMARTAG2.1.2.0
2024-04-01 02:09:22,151 [INFO] LogOutputStream:77 - [STDOUT_REDIRECT] 1 : Invalid condition id : UX_CORESTACK_Condition cause : null
2024-04-01 02:09:22,152 [INFO] LogOutputStream:77 - [STDOUT_REDIRECT] 1 : Invalid condition id : UX_CORESTACK_Condition cause : null
2024-04-01 02:09:22,154 [INFO] LogOutputStream:77 - [STDOUT_REDIRECT] 1 : Invalid condition id : UX_CORESTACK_Condition cause : null
2024-04-01 02:09:22,156 [INFO] LogOutputStream:77 - [STDOUT_REDIRECT] 1 : Invalid condition id : UX_CORESTACK_Condition cause : null
2024-04-01 02:09:22,158 [INFO] LogOutputStream:77 - [STDOUT_REDIRECT] 1 : Invalid condition id : UX_CORESTACK_Condition cause : null
2024-04-01 02:09:22,163 [WARN] PackLoader:240 - Cannot read IP mode file for STMicroelectronics.X-CUBE-AZRTOS-WL.2.0.0
2024-04-01 02:09:22,172 [WARN] PackLoader:240 - Cannot read IP mode file for STMicroelectronics.FP-SNS-MOTENV1.5.0.0
2024-04-01 02:09:22,187 [WARN] PackLoader:240 - Cannot read IP mode file for WES.I-CUBE-Cesium.1.3.0
2024-04-01 02:09:22,194 [WARN] PackLoader:240 - Cannot read IP mode file for STMicroelectronics.X-CUBE-BLE2.3.3.0
2024-04-01 02:09:22,207 [WARN] PackLoader:240 - Cannot read IP mode file for STMicroelectronics.X-CUBE-ALGOBUILD.1.3.0
2024-04-01 02:09:22,238 [WARN] PackLoader:240 - Cannot read IP mode file for STMicroelectronics.X-CUBE-AZRTOS-G0.1.1.0
2024-04-01 02:09:22,250 [WARN] PackLoader:240 - Cannot read IP mode file for STMicroelectronics.X-CUBE-SAFEA1.1.2.2
2024-04-01 02:09:22,260 [WARN] PackLoader:240 - Cannot read IP mode file for STMicroelectronics.X-CUBE-NFC4.3.0.0
2024-04-01 02:09:22,269 [WARN] PackLoader:240 - Cannot read IP mode file for STMicroelectronics.FP-ATR-SIGFOX1.3.2.0
2024-04-01 02:09:22,277 [WARN] PackLoader:240 - Cannot read IP mode file for STMicroelectronics.X-CUBE-EEPRMA1.5.1.0
2024-04-01 02:09:22,329 [WARN] PackLoader:240 - Cannot read IP mode file for SEGGER.I-CUBE-embOS.1.3.1
2024-04-01 02:09:22,390 [WARN] PackLoader:240 - Cannot read IP mode file for STMicroelectronics.X-CUBE-GNSS1.6.0.0
2024-04-01 02:09:22,412 [WARN] PackLoader:240 - Cannot read IP mode file for STMicroelectronics.X-CUBE-AZRTOS-F4.1.1.0
2024-04-01 02:09:22,426 [WARN] PackLoader:240 - Cannot read IP mode file for wolfSSL.I-CUBE-wolfSSL.5.6.6
2024-04-01 02:09:22,458 [WARN] PackLoader:240 - Cannot read IP mode file for STMicroelectronics.X-CUBE-AZRTOS-L5.2.0.0
2024-04-01 02:09:22,471 [WARN] PackLoader:240 - Cannot read IP mode file for STMicroelectronics.X-CUBE-NFC6.3.1.0
2024-04-01 02:09:22,480 [WARN] PackLoader:240 - Cannot read IP mode file for ITTIA_DB.I-CUBE-ITTIADB.8.8.0
2024-04-01 02:09:22,488 [WARN] PackLoader:240 - Cannot read IP mode file for STMicroelectronics.X-CUBE-NFC7.1.0.1
2024-04-01 02:09:22,494 [WARN] PackLoader:240 - Cannot read IP mode file for STMicroelectronics.X-CUBE-AI.8.1.0
2024-04-01 02:09:22,538 [WARN] ConditionMgr:438 - getConditionDescription Invalid condition id : LAN8742 Phy interface Condition cause : null
2024-04-01 02:09:22,539 [WARN] PackLoader:240 - Cannot read IP mode file for STMicroelectronics.X-CUBE-AZRTOS-L4.2.0.0
2024-04-01 02:09:22,542 [WARN] ConditionMgr:1039 - genDependencies : Invalid condition id : LAN8742 Phy interface Condition cause : null
2024-04-01 02:09:22,542 [WARN] ConditionMgr:1039 - genDependencies : Invalid condition id : LAN8742 Phy interface Condition cause : null
2024-04-01 02:09:22,543 [WARN] ConditionMgr:1039 - genDependencies : Invalid condition id : LAN8742 Phy interface Condition cause : null
2024-04-01 02:09:22,556 [WARN] PackLoader:240 - Cannot read IP mode file for STMicroelectronics.X-CUBE-SFXS2LP1.4.0.0
2024-04-01 02:09:22,575 [WARN] ConditionMgr:438 - getConditionDescription Invalid condition id : UX DEVICE CLASS RTOS Condition cause : null
2024-04-01 02:09:22,576 [WARN] ConditionMgr:438 - getConditionDescription Invalid condition id : UX DEVICE CLASS RTOS Condition cause : null
2024-04-01 02:09:22,579 [WARN] PackLoader:240 - Cannot read IP mode file for STMicroelectronics.X-CUBE-AZRTOS-WB.2.0.0
2024-04-01 02:09:22,579 [WARN] ConditionMgr:1039 - genDependencies : Invalid condition id : UX DEVICE CLASS RTOS Condition cause : null
2024-04-01 02:09:22,579 [WARN] ConditionMgr:1039 - genDependencies : Invalid condition id : UX DEVICE CLASS RTOS Condition cause : null
2024-04-01 02:09:22,580 [WARN] ConditionMgr:1039 - genDependencies : Invalid condition id : UX DEVICE CLASS RTOS Condition cause : null
2024-04-01 02:09:22,580 [WARN] ConditionMgr:1039 - genDependencies : Invalid condition id : UX DEVICE CLASS RTOS Condition cause : null
2024-04-01 02:09:22,580 [WARN] ConditionMgr:1039 - genDependencies : Invalid condition id : UX DEVICE CLASS RTOS Condition cause : null
2024-04-01 02:09:22,594 [WARN] PackLoader:240 - Cannot read IP mode file for STMicroelectronics.X-CUBE-SUBG2.5.0.0
2024-04-01 02:09:22,622 [WARN] PackLoader:240 - Cannot read IP mode file for STMicroelectronics.X-CUBE-AZRTOS-G4.2.0.0
2024-04-01 02:09:22,645 [WARN] PackLoader:240 - Cannot read IP mode file for Infineon.AIROC-Wi-Fi-Bluetooth-STM32.1.5.1
2024-04-01 02:09:22,656 [WARN] PackLoader:240 - Cannot read IP mode file for STMicroelectronics.FP-SNS-MOTENVWB1.1.3.1
2024-04-01 02:09:22,662 [WARN] PackLoader:240 - Cannot read IP mode file for STMicroelectronics.X-CUBE-ISPU.2.0.0
2024-04-01 02:09:22,707 [WARN] PackLoader:240 - Cannot read IP mode file for STMicroelectronics.X-CUBE-MEMS1.10.0.0
2024-04-01 02:09:22,891 [WARN] PackLoader:240 - Cannot read IP mode file for STMicroelectronics.X-CUBE-FREERTOS.1.1.0
2024-04-01 02:09:22,898 [WARN] PackLoader:240 - Cannot read IP mode file for portGmbH.I-Cube-SoM-uGOAL.1.1.0
2024-04-01 02:09:22,906 [WARN] PackLoader:240 - Cannot read IP mode file for STMicroelectronics.X-CUBE-ALS.1.0.1
2024-04-01 02:09:22,912 [WARN] PackLoader:240 - Cannot read IP mode file for STMicroelectronics.FP-ATR-ASTRA1.2.0.0
2024-04-01 02:09:22,927 [WARN] PackLoader:240 - Cannot read IP mode file for STMicroelectronics.X-CUBE-TOF1.3.4.1
2024-04-01 02:09:22,973 [WARN] PackLoader:240 - Cannot read IP mode file for STMicroelectronics.X-CUBE-AZRTOS-H7.3.2.0
2024-04-01 02:09:22,977 [INFO] ThirdParty:978 - Integrity check success = true
2024-04-01 02:09:22,978 [INFO] IntegrityCheckThread:100 - exiting critical section [integrity check]
2024-04-01 02:09:22,978 [INFO] IntegrityCheckThread:103 - End integrity checks thread
2024-04-01 02:09:41,828 [ERROR] LogOutputStream:75 - [STDERR_REDIRECT] SLF4J: Failed to load class "org.slf4j.impl.StaticLoggerBinder".
2024-04-01 02:09:41,829 [ERROR] LogOutputStream:75 - [STDERR_REDIRECT] SLF4J: Defaulting to no-operation (NOP) logger implementation
2024-04-01 02:09:41,829 [ERROR] LogOutputStream:75 - [STDERR_REDIRECT] SLF4J: See http://www.slf4j.org/codes.html#StaticLoggerBinder for further details.
2024-04-01 02:10:14,743 [ERROR] LogOutputStream:75 - [STDERR_REDIRECT] 
